2024-11-29 15:24:03 - zen-pullback.csv : ['SMR', 'U'] @ 2024-11-29 15:24
2024-11-29 15:24:12 - Bracket Order placed for SMR: Quantity: 29, Market Price: 31.62, Filled Price: 31.69, Stop-Loss: 28.21, Take-Profit: 38.43, Total-Price: 916.98
2024-11-29 15:24:21 - Bracket Order placed for U: Quantity: 75, Market Price: 24.12, Filled Price: 24.18, Stop-Loss: 22.79, Take-Profit: 26.79, Total-Price: 1809.0
2024-11-29 15:24:23 - zen-readytotrend.csv : [] @ 2024-11-29 15:24
2024-11-29 15:24:25 - zen-flags.csv : [] @ 2024-11-29 15:24
2024-11-29 15:24:27 - zen-trendingnow.csv : ['IONQ', 'MARA', 'MRVL', 'RKLB', 'LUNR'] @ 2024-11-29 15:24
2024-11-29 15:24:36 - Bracket Order placed for IONQ: Quantity: 24, Market Price: 36.02, Filled Price: 36.12, Stop-Loss: 31.9, Take-Profit: 44.26, Total-Price: 864.48
2024-11-29 15:24:45 - Bracket Order placed for MARA: Quantity: 32, Market Price: 29.39, Filled Price: 29.42, Stop-Loss: 26.3, Take-Profit: 35.56, Total-Price: 940.48
2024-11-29 15:24:54 - Bracket Order placed for MRVL: Quantity: 32, Market Price: 92.92, Filled Price: 92.97, Stop-Loss: 89.88, Take-Profit: 99.0, Total-Price: 2973.44
2024-11-29 15:25:03 - Bracket Order placed for RKLB: Quantity: 40, Market Price: 27.92, Filled Price: 27.94, Stop-Loss: 25.44, Take-Profit: 32.89, Total-Price: 1116.8000000000002
2024-11-29 15:25:12 - Bracket Order placed for LUNR: Quantity: 50, Market Price: 16.33, Filled Price: 16.34, Stop-Loss: 14.33, Take-Profit: 20.34, Total-Price: 816.4999999999999
2024-11-29 15:25:12 - ----------------------------------------------------------------------------------------
2024-11-29 15:46:39 - zen-pullback.csv : [] @ 2024-11-29 15:46
2024-11-29 15:46:41 - zen-readytotrend.csv : [] @ 2024-11-29 15:46
2024-11-29 15:46:43 - zen-flags.csv : [] @ 2024-11-29 15:46
2024-11-29 15:46:45 - zen-trendingnow.csv : ['APP', 'LMND', 'MSFT'] @ 2024-11-29 15:46
2024-11-29 15:46:54 - Bracket Order placed for APP: Quantity: 4, Market Price: 340.91, Filled Price: 341.24, Stop-Loss: 320.3, Take-Profit: 382.14, Total-Price: 1363.64
2024-11-29 15:47:03 - Bracket Order placed for LMND: Quantity: 23, Market Price: 52.4, Filled Price: 52.29, Stop-Loss: 48.08, Take-Profit: 61.04, Total-Price: 1205.2
2024-11-29 15:47:12 - Bracket Order placed for MSFT: Quantity: 12, Market Price: 422.24, Filled Price: 422.31, Stop-Loss: 414.24, Take-Profit: 438.23, Total-Price: 5066.88
2024-11-29 15:47:12 - ----------------------------------------------------------------------------------------
