2024-11-25 15:28:02 - zen-pullback.csv filtered_symbols: [] @ 2024-11-25 15:28
2024-11-25 15:28:04 - zen-readytotrend.csv filtered_symbols: [] @ 2024-11-25 15:28
2024-11-25 15:28:06 - zen-flags.csv filtered_symbols: [] @ 2024-11-25 15:28
2024-11-25 15:28:08 - zen-trendingnow.csv filtered_symbols: ['AFRM', 'CAT', 'CVNA', 'LMND', 'SNOW', 'TEAM'] @ 2024-11-25 15:28
2024-11-25 15:29:00 - ----------------------------------------------------------------------------------------
2024-11-25 15:31:49 - zen-pullback.csv filtered_symbols: [] @ 2024-11-25 15:31
2024-11-25 15:31:51 - zen-readytotrend.csv filtered_symbols: [] @ 2024-11-25 15:31
2024-11-25 15:31:53 - zen-flags.csv filtered_symbols: [] @ 2024-11-25 15:31
2024-11-25 15:31:55 - zen-trendingnow.csv filtered_symbols: ['APO', 'CAT', 'CMA', 'GM', 'HIMS', 'LMND', 'PNC', 'ROST', 'UNP', 'ZM'] @ 2024-11-25 15:31
2024-11-25 15:33:20 - ----------------------------------------------------------------------------------------
2024-11-25 15:52:29 - zen-pullback.csv filtered_symbols: [] @ 2024-11-25 15:52
2024-11-25 15:52:31 - zen-readytotrend.csv filtered_symbols: ['FI'] @ 2024-11-25 15:52
2024-11-25 15:52:41 - zen-flags.csv filtered_symbols: [] @ 2024-11-25 15:52
2024-11-25 15:52:43 - zen-trendingnow.csv filtered_symbols: [] @ 2024-11-25 15:52
2024-11-25 15:52:43 - ----------------------------------------------------------------------------------------
2024-11-25 16:04:29 - zen-pullback.csv filtered_symbols: [] @ 2024-11-25 16:04
2024-11-25 16:04:31 - zen-readytotrend.csv filtered_symbols: [] @ 2024-11-25 16:04
2024-11-25 16:04:33 - zen-flags.csv filtered_symbols: [] @ 2024-11-25 16:04
2024-11-25 16:04:35 - zen-trendingnow.csv filtered_symbols: ['COIN', 'FDX', 'MARA', 'TJX'] @ 2024-11-25 16:04
2024-11-25 16:05:10 - ----------------------------------------------------------------------------------------
